<?xml version="1.0" encoding="UTF-8"?>
<testng-results skipped="0" failed="0" ignored="0" total="4" passed="4">
  <reporter-output>
  </reporter-output>
  <suite name="Default suite" duration-ms="115" started-at="2019-03-29T03:27:24Z" finished-at="2019-03-29T03:27:24Z">
    <groups>
    </groups>
    <test name="Default test" duration-ms="115" started-at="2019-03-29T03:27:24Z" finished-at="2019-03-29T03:27:24Z">
      <class name="com.qa.tests.DemoTest">
        <test-method status="PASS" signature="div()[pri:0, instance:com.qa.tests.DemoTest@28d25987]" name="div" duration-ms="27" started-at="2019-03-29T03:27:24Z" finished-at="2019-03-29T03:27:24Z">
          <reporter-output>
          </reporter-output>
        </test-method> <!-- div -->
        <test-method status="PASS" signature="multi()[pri:0, instance:com.qa.tests.DemoTest@28d25987]" name="multi" duration-ms="5" started-at="2019-03-29T03:27:24Z" finished-at="2019-03-29T03:27:24Z">
          <reporter-output>
          </reporter-output>
        </test-method> <!-- multi -->
        <test-method status="PASS" signature="sub()[pri:0, instance:com.qa.tests.DemoTest@28d25987]" name="sub" duration-ms="2" started-at="2019-03-29T03:27:24Z" finished-at="2019-03-29T03:27:24Z">
          <reporter-output>
          </reporter-output>
        </test-method> <!-- sub -->
        <test-method status="PASS" signature="sum()[pri:0, instance:com.qa.tests.DemoTest@28d25987]" name="sum" duration-ms="2" started-at="2019-03-29T03:27:24Z" finished-at="2019-03-29T03:27:24Z">
          <reporter-output>
          </reporter-output>
        </test-method> <!-- sum -->
      </class> <!-- com.qa.tests.DemoTest -->
    </test> <!-- Default test -->
  </suite> <!-- Default suite -->
</testng-results>
