<?xml version="1.0" encoding="UTF-8"?>
<!-- Generated by org.testng.reporters.JUnitXMLReporter -->
<testsuite hostname="elhoufi" ignored="0" name="Default test" tests="4" failures="0" timestamp="29 mars 2019 03:27:25 GMT" time="0.115" errors="0">
  <testcase name="div" time="0.027" classname="com.qa.tests.DemoTest"/>
  <testcase name="multi" time="0.005" classname="com.qa.tests.DemoTest"/>
  <testcase name="sub" time="0.002" classname="com.qa.tests.DemoTest"/>
  <testcase name="sum" time="0.002" classname="com.qa.tests.DemoTest"/>
</testsuite> <!-- Default test -->
