<?xml version="1.0" encoding="UTF-8"?>
<testng-results skipped="0" failed="0" ignored="0" total="4" passed="4">
  <reporter-output>
  </reporter-output>
  <suite name="Command line suite" duration-ms="80" started-at="2019-03-29T03:51:14Z" finished-at="2019-03-29T03:51:14Z">
    <groups>
    </groups>
    <test name="Command line test" duration-ms="80" started-at="2019-03-29T03:51:14Z" finished-at="2019-03-29T03:51:14Z">
      <class name="com.qa.tests.DemoTest">
        <test-method status="PASS" signature="div()[pri:0, instance:com.qa.tests.DemoTest@39ba5a14]" name="div" duration-ms="35" started-at="2019-03-29T04:51:14Z" finished-at="2019-03-29T04:51:14Z">
          <reporter-output>
          </reporter-output>
        </test-method> <!-- div -->
        <test-method status="PASS" signature="multi()[pri:0, instance:com.qa.tests.DemoTest@39ba5a14]" name="multi" duration-ms="0" started-at="2019-03-29T04:51:14Z" finished-at="2019-03-29T04:51:14Z">
          <reporter-output>
          </reporter-output>
        </test-method> <!-- multi -->
        <test-method status="PASS" signature="sub()[pri:0, instance:com.qa.tests.DemoTest@39ba5a14]" name="sub" duration-ms="0" started-at="2019-03-29T04:51:14Z" finished-at="2019-03-29T04:51:14Z">
          <reporter-output>
          </reporter-output>
        </test-method> <!-- sub -->
        <test-method status="PASS" signature="sum()[pri:0, instance:com.qa.tests.DemoTest@39ba5a14]" name="sum" duration-ms="1" started-at="2019-03-29T04:51:14Z" finished-at="2019-03-29T04:51:14Z">
          <reporter-output>
          </reporter-output>
        </test-method> <!-- sum -->
      </class> <!-- com.qa.tests.DemoTest -->
    </test> <!-- Command line test -->
  </suite> <!-- Command line suite -->
</testng-results>
