<?xml version="1.0" encoding="UTF-8"?>
<!-- Generated by org.testng.reporters.JUnitXMLReporter -->
<testsuite hostname="elhoufi" ignored="0" name="Command line test" tests="4" failures="0" timestamp="29 mars 2019 03:51:14 GMT" time="0.08" errors="0">
  <testcase name="div" time="0.035" classname="com.qa.tests.DemoTest"/>
  <testcase name="multi" time="0.0" classname="com.qa.tests.DemoTest"/>
  <testcase name="sub" time="0.0" classname="com.qa.tests.DemoTest"/>
  <testcase name="sum" time="0.001" classname="com.qa.tests.DemoTest"/>
</testsuite> <!-- Command line test -->
