<?xml version="1.0" encoding="UTF-8"?>
<testng-results skipped="0" failed="0" ignored="0" total="1" passed="1">
  <reporter-output>
  </reporter-output>
  <suite name="Command line suite" duration-ms="16" started-at="2019-03-29T03:51:15Z" finished-at="2019-03-29T03:51:15Z">
    <groups>
    </groups>
    <test name="Command line test" duration-ms="16" started-at="2019-03-29T03:51:15Z" finished-at="2019-03-29T03:51:15Z">
      <class name="MavenDemoTest.MavenDemoTest.AppTest">
        <test-method status="PASS" signature="testApp()[pri:0, instance:testApp(MavenDemoTest.MavenDemoTest.AppTest)]" name="testApp" duration-ms="1" started-at="2019-03-29T04:51:15Z" finished-at="2019-03-29T04:51:15Z">
          <reporter-output>
          </reporter-output>
        </test-method> <!-- testApp -->
      </class> <!-- MavenDemoTest.MavenDemoTest.AppTest -->
    </test> <!-- Command line test -->
  </suite> <!-- Command line suite -->
</testng-results>
